<?xml version="1.0" encoding="UTF-8"?>
<!-- Generated by org.testng.reporters.JUnitReportReporter -->
<<<<<<< HEAD
<testsuite hostname="DESKTOP-9MAMCAI" name="com.AnyAUT.PrepareRun" tests="1" failures="0" timestamp="12 Apr 2021 09:07:30 GMT" time="0.008" errors="0">
  <testcase name="createRunSetUpData" time="0.008" classname="com.AnyAUT.PrepareRun"/>
=======
<testsuite hostname="LENOVO" name="com.AnyAUT.PrepareRun" tests="1" failures="0" timestamp="30 Jun 2021 04:01:42 GMT" time="0.016" errors="0">
  <testcase name="createRunSetUpData" time="0.016" classname="com.AnyAUT.PrepareRun"/>
>>>>>>> branch 'master' of https://github.com/AnyAUTX/runner
</testsuite> <!-- com.AnyAUT.PrepareRun -->
