<?xml version="1.0" encoding="UTF-8"?>
<!-- Generated by org.testng.reporters.JUnitReportReporter -->
<testsuite hostname="DESKTOP-9MAMCAI" name="com.AnyAUT.PrepareRun" tests="1" failures="0" timestamp="11 Mar 2021 08:35:47 GMT" time="0.006" errors="0">
  <testcase name="createRunSetUpData" time="0.006" classname="com.AnyAUT.PrepareRun"/>
</testsuite> <!-- com.AnyAUT.PrepareRun -->
