<?xml version="1.0" encoding="UTF-8"?>
<!-- Generated by org.testng.reporters.JUnitReportReporter -->
<testsuite hostname="LENOVO" failures="0" tests="1" name="com.AnyAUT.PrepareRun" time="0.030" errors="0" timestamp="26 Aug 2020 16:33:58 GMT">
  <testcase classname="com.AnyAUT.PrepareRun" name="createRunSetUpData" time="0.030"/>
</testsuite> <!-- com.AnyAUT.PrepareRun -->
