<?xml version="1.0" encoding="UTF-8"?>
<!-- Generated by org.testng.reporters.JUnitReportReporter -->
<testsuite hostname="DESKTOP-9MAMCAI" name="com.AnyAUT.PrepareRun" tests="1" failures="0" timestamp="25 Nov 2020 06:22:24 GMT" time="0.004" errors="0">
  <testcase name="createRunSetUpData" time="0.004" classname="com.AnyAUT.PrepareRun"/>
</testsuite> <!-- com.AnyAUT.PrepareRun -->
