<?xml version="1.0" encoding="UTF-8"?>
<!-- Generated by org.testng.reporters.JUnitReportReporter -->
<testsuite hostname="LENOVO" name="com.AnyAUT.PrepareRun" tests="1" failures="0" timestamp="16 Apr 2021 10:37:14 GMT" time="0.281" errors="0">
  <testcase name="createRunSetUpData" time="0.281" classname="com.AnyAUT.PrepareRun"/>
</testsuite> <!-- com.AnyAUT.PrepareRun -->
