<?xml version="1.0" encoding="UTF-8"?>
<!-- Generated by org.testng.reporters.JUnitReportReporter -->
<testsuite hostname="DESKTOP-9MAMCAI" name="com.AnyAUT.PrepareRun" tests="1" failures="0" timestamp="10 Mar 2021 04:55:39 GMT" time="0.013" errors="0">
  <testcase name="createRunSetUpData" time="0.013" classname="com.AnyAUT.PrepareRun"/>
</testsuite> <!-- com.AnyAUT.PrepareRun -->
