<?xml version="1.0" encoding="UTF-8"?>
<!-- Generated by org.testng.reporters.JUnitReportReporter -->
<testsuite hostname="DESKTOP-9MAMCAI" name="com.AnyAUT.PrepareRun" tests="1" failures="0" timestamp="12 Sep 2020 17:53:58 GMT" time="0.025" errors="0">
  <testcase name="createRunSetUpData" time="0.025" classname="com.AnyAUT.PrepareRun"/>
</testsuite> <!-- com.AnyAUT.PrepareRun -->
